<?xml version="1.0" encoding="UTF-8"?>
<!-- Generated by org.testng.reporters.JUnitReportReporter -->
<testsuite hostname="DESKTOP-NHPVION" failures="0" tests="3" name="TESTN.Include_and_Exclude_TestNG" time="0.052" errors="0" timestamp="2024-01-03T16:53:13 PKT" skipped="0">
  <testcase classname="TESTN.Include_and_Exclude_TestNG" name="login" time="0.017"/>
  <testcase classname="TESTN.Include_and_Exclude_TestNG" name="How" time="0.017"/>
  <testcase classname="TESTN.Include_and_Exclude_TestNG" name="PointerInfo" time="0.018"/>
</testsuite> <!-- TESTN.Include_and_Exclude_TestNG -->
