<?xml version="1.0" encoding="UTF-8"?>
<!-- Generated by org.testng.reporters.JUnitReportReporter -->
<testsuite hostname="DESKTOP-NHPVION" failures="0" tests="8" name="TESTN.DummyPractice" time="1.051" errors="0" timestamp="2024-01-02T10:17:21 PKT" skipped="1">
  <testcase classname="TESTN.DummyPractice" name="testMethod1" time="0.004"/>
  <testcase classname="TESTN.DummyPractice" name="exceptionTest" time="0.007"/>
  <testcase classname="TESTN.DummyPractice" name="testMethod2" time="0.004"/>
  <testcase classname="TESTN.DummyPractice" name="parameterizedTest" time="0.003"/>
  <testcase classname="TESTN.DummyPractice" name="dependentTest" time="0.001"/>
  <testcase classname="TESTN.DummyPractice" name="testMethod3" time="0.002"/>
  <testcase classname="TESTN.DummyPractice" name="timeoutTest" time="1.030"/>
  <testcase classname="TESTN.DummyPractice" name="disabledTest">
    <skipped/>
  </testcase> <!-- disabledTest -->
</testsuite> <!-- TESTN.DummyPractice -->
