<?xml version="1.0" encoding="UTF-8"?>
<!-- Generated by org.testng.reporters.JUnitReportReporter -->
<testsuite hostname="DESKTOP-NHPVION" failures="0" tests="9" name="TESTN.Parametarization" time="0.046" errors="0" timestamp="2024-01-02T16:56:09 PKT" skipped="0">
  <testcase classname="TESTN.Parametarization" name="testWithDynamicDataProvider" time="0.001"/>
  <testcase classname="TESTN.Parametarization" name="testWithSimpleDataProvider" time="0.002"/>
  <testcase classname="TESTN.Parametarization" name="testWithSimpleDataProvider" time="0.005"/>
  <testcase classname="TESTN.Parametarization" name="testWithMixedTypesDataProvider" time="0.001"/>
  <testcase classname="TESTN.Parametarization" name="testWithMixedTypesDataProvider" time="0.002"/>
  <testcase classname="TESTN.Parametarization" name="testWithSimpleDataProvider" time="0.001"/>
  <testcase classname="TESTN.Parametarization" name="testWithDynamicDataProvider" time="0.029"/>
  <testcase classname="TESTN.Parametarization" name="testWithDynamicDataProvider" time="0.002"/>
  <testcase classname="TESTN.Parametarization" name="testWithMixedTypesDataProvider" time="0.003"/>
</testsuite> <!-- TESTN.Parametarization -->
