<?xml version="1.0" encoding="UTF-8"?>
<!-- Generated by org.testng.reporters.JUnitReportReporter -->
<testsuite hostname="DESKTOP-NHPVION" failures="0" tests="1" name="AdvanceLocator.Verify_the_text_through_TestNG" time="4.411" errors="0" timestamp="2023-12-26T14:36:40 PKT" skipped="0">
  <testcase classname="AdvanceLocator.Verify_the_text_through_TestNG" name="testLogin" time="4.411"/>
</testsuite> <!-- AdvanceLocator.Verify_the_text_through_TestNG -->
