<?xml version="1.0" encoding="UTF-8"?>
<!-- Generated by org.testng.reporters.JUnitReportReporter -->
<testsuite hostname="DESKTOP-NHPVION" failures="0" tests="1" name="ExtentReport.Extentreport" time="8.424" errors="0" timestamp="2024-01-05T12:50:24 PKT" skipped="0">
  <testcase classname="ExtentReport.Extentreport" name="initialDemo" time="8.424"/>
</testsuite> <!-- ExtentReport.Extentreport -->
