<?xml version="1.0" encoding="UTF-8"?>
<!-- Generated by org.testng.reporters.JUnitReportReporter -->
<testsuite hostname="DESKTOP-NHPVION" failures="0" tests="3" name="TESTN.DataProviderExample" time="0.021" errors="0" timestamp="2024-01-02T10:17:21 PKT" skipped="0">
  <testcase classname="TESTN.DataProviderExample" name="dataProviderTest" time="0.002"/>
  <testcase classname="TESTN.DataProviderExample" name="dataProviderTest" time="0.001"/>
  <testcase classname="TESTN.DataProviderExample" name="dataProviderTest" time="0.018"/>
</testsuite> <!-- TESTN.DataProviderExample -->
