<?xml version="1.0" encoding="UTF-8"?>
<!-- Generated by org.testng.reporters.JUnitReportReporter -->
<testsuite hostname="DESKTOP-NHPVION" failures="0" tests="5" name="TESTN.TestNGannotation" time="0.015" errors="0" timestamp="2024-01-02T13:19:27 PKT" skipped="0">
  <testcase classname="TESTN.TestNGannotation" name="Test" time="0.002"/>
  <testcase classname="TESTN.TestNGannotation" name="RegreTest" time="0.001"/>
  <testcase classname="TESTN.TestNGannotation" name="GreetTest" time="0.007"/>
  <testcase classname="TESTN.TestNGannotation" name="REgTest" time="0.003"/>
  <testcase classname="TESTN.TestNGannotation" name="SmokeTest" time="0.002"/>
</testsuite> <!-- TESTN.TestNGannotation -->
