<?xml version="1.0" encoding="UTF-8"?>
<!-- Generated by org.testng.reporters.JUnitReportReporter -->
<testsuite hostname="DESKTOP-NHPVION" failures="0" tests="8" name="TESTN.Include_and_Exclude_TestNG" time="0.012" errors="0" timestamp="2024-01-02T10:17:21 PKT" skipped="0">
  <testcase classname="TESTN.Include_and_Exclude_TestNG" name="PointerInfo" time="0.001"/>
  <testcase classname="TESTN.Include_and_Exclude_TestNG" name="sign" time="0.001"/>
  <testcase classname="TESTN.Include_and_Exclude_TestNG" name="How" time="0.002"/>
  <testcase classname="TESTN.Include_and_Exclude_TestNG" name="Now" time="0.003"/>
  <testcase classname="TESTN.Include_and_Exclude_TestNG" name="login" time="0.002"/>
  <testcase classname="TESTN.Include_and_Exclude_TestNG" name="signRahman" time="0.001"/>
  <testcase classname="TESTN.Include_and_Exclude_TestNG" name="signHaneef" time="0.001"/>
  <testcase classname="TESTN.Include_and_Exclude_TestNG" name="signed" time="0.001"/>
</testsuite> <!-- TESTN.Include_and_Exclude_TestNG -->
