<?xml version="1.0" encoding="UTF-8"?>
<!-- Generated by org.testng.reporters.JUnitReportReporter -->
<testsuite hostname="DESKTOP-NHPVION" failures="0" tests="1" name="objectrepository.loginaccess" time="6.129" errors="0" timestamp="2024-01-08T17:09:45 PKT" skipped="0">
  <testcase classname="objectrepository.loginaccess" name="login" time="6.129"/>
</testsuite> <!-- objectrepository.loginaccess -->
